[     729ms] [ERROR] Invalid hook call. Hooks can only be called inside of the body of a function component. This could happen for one of the following reasons:
1. You might have mismatching versions of React and the renderer (such as React DOM)
2. You might be breaking the Rules of Hooks
3. You might have more than one copy of React in the same app
See https://react.dev/link/invalid-hook-call for tips about how to debug and fix this problem. @ http://localhost:5175/@vite/client:509
[     732ms] [ERROR] Invalid hook call. Hooks can only be called inside of the body of a function component. This could happen for one of the following reasons:
1. You might have mismatching versions of React and the renderer (such as React DOM)
2. You might be breaking the Rules of Hooks
3. You might have more than one copy of React in the same app
See https://react.dev/link/invalid-hook-call for tips about how to debug and fix this problem. @ http://localhost:5175/@vite/client:509
[     741ms] TypeError: Cannot read properties of null (reading 'useRef')
    at exports.useRef (http://localhost:5175/node_modules/.vite/deps/react.js?v=8175dcf9:745:30)
    at BrowserRouter (http://localhost:5175/node_modules/.vite/deps/react-router-dom.js?v=0d545538:4403:32)
    at Object.react_stack_bottom_frame (http://localhost:5175/node_modules/.vite/deps/react-dom_client.js?v=656ad066:12867:12)
    at renderWithHooks (http://localhost:5175/node_modules/.vite/deps/react-dom_client.js?v=656ad066:4212:19)
    at updateFunctionComponent (http://localhost:5175/node_modules/.vite/deps/react-dom_client.js?v=656ad066:5568:16)
    at beginWork (http://localhost:5175/node_modules/.vite/deps/react-dom_client.js?v=656ad066:6139:20)
    at runWithFiberInDEV (http://localhost:5175/node_modules/.vite/deps/react-dom_client.js?v=656ad066:850:66)
    at performUnitOfWork (http://localhost:5175/node_modules/.vite/deps/react-dom_client.js?v=656ad066:8428:92)
    at workLoopSync (http://localhost:5175/node_modules/.vite/deps/react-dom_client.js?v=656ad066:8324:37)
    at renderRootSync (http://localhost:5175/node_modules/.vite/deps/react-dom_client.js?v=656ad066:8308:6)
[     739ms] [WARNING] %s

%s
 An error occurred in the <BrowserRouter> component. Consider adding an error boundary to your tree to customize error handling behavior.
Visit https://react.dev/link/error-boundaries to learn more about error boundaries. @ http://localhost:5175/@vite/client:509
[     882ms] [WARNING] ⚠️ React Router Future Flag Warning: React Router will begin wrapping state updates in `React.startTransition` in v7. You can use the `v7_startTransition` future flag to opt-in early. For more information, see https://reactrouter.com/v6/upgrading/future#v7_starttransition. @ http://localhost:5175/@vite/client:509
[     883ms] [WARNING] ⚠️ React Router Future Flag Warning: Relative route resolution within Splat routes is changing in v7. You can use the `v7_relativeSplatPath` future flag to opt-in early. For more information, see https://reactrouter.com/v6/upgrading/future#v7_relativesplatpath. @ http://localhost:5175/@vite/client:509
